==========================================
Running update and cleanup at Sat Nov  8 23:55:29 IST 2025
==========================================
Homebrew found. Starting cleanup process...
Updating Homebrew...
==> Updating Homebrew...
Already up-to-date.
Upgrading installed packages...
Cleaning up old Homebrew versions...
Homebrew maintenance completed successfully.
Checking for macOS software updates...
Software Update Tool

Finding available software
Software Update found the following new or updated software:
* Label: Command Line Tools for Xcode 26.1-26.1
	Title: Command Line Tools for Xcode 26.1, Version: 26.1, Size: 855553KiB, Recommended: YES, 
* Label: macOS Tahoe 26.1-25B78
	Title: macOS Tahoe 26.1, Version: 26.1, Size: 4579334KiB, Recommended: YES, Action: restart, 
==========================================
Update and cleanup finished at Sat Nov  8 23:55:49 IST 2025
==========================================
